Microsoft (R) Help Compiler
HCRTF 4.01.0951
Copyright (c) Microsoft Corp 1990 - 1995. All rights reserved.
mig.hpj
    HC3037: Warning: C:\mig\SRC\MFC\hlp\.\MIG.hm : 
	The map value for "HIDD_PAYLOAD" is the same as the map value for "HIDD_DIALOG2".
    HC3037: Warning: C:\mig\SRC\MFC\hlp\.\MIG.hm : 
	The map value for "HIDD_SQUICKSET" is the same as the map value for "HIDD_SQUICKSET_UN".
    HC3048: Warning: topic #19 of C:\mig\SRC\MFC\hlp\.\.\mig.rtf : 
	Nonscrolling region defined after scrolling region.
    HC1010: Note: 
	The following mapped Topic IDs were not used in any topic:
	HID_GOBIG
	HIDD_BASES
	HIDD_CHOKE
	HID_WINDOW_CASCADE
	HIDD_NOTES
	HIDD_RADIO
	HIDD_ROUTE
	HIDD_SGAME
	HIDD_test1
	HIDD_TITLE
	HID_POPUP_ZOOM_IN
	HIDD_WPAAA
	HIDD_WPAIR
	AFX_HIDD_NEWTYPEDLG
	HIDD_LISTBOX
	HIDD_ARMYDETAILS
	HID_SC_NEXTWINDOW
	HIDD_AIRFIELDS
	HID_TITLE_VIEW
	HID_WINDOW_TILE_HORZ
	HID_WINDOW_TILE_VERT
	AFX_HIDP_GET_NOT_SUPPORTED
	HIDD_CREDITS
	HID_RESULTS
	AFX_HIDD_FILEOPEN
	AFX_HIDD_FILESAVE
	HID_EDIT_REPEAT
	AFX_HIDP_COMMAND_FAILURE
	HID_SC_CLOSE
	AFX_HIDP_PARSE_STRING_SIZE
	HID_MISSION_FOLDER
	HIDD_TRAFFIC
	HIDD_QUICKTEXT
	HIDD_QUICKVIEW
	HIDD_CAREER
	HID_FILE_PRINT_PREVIEW
	HID_SC_RESTORE
	AFX_HIDD_PRINTDLG
	HID_RECORD_FIRST
	HIDD_LOCKERROOM
	HID_EDIT_SELECT_ALL
	AFX_HIDP_FAILED_TO_CREATE_DOC
	AFX_HIDP_FAILED_DISK_FULL
	HIDD_FRAGPILT
	HID_EDIT_CLEAR
	HIDD_DIRECTS_1
	HIDD_HINTBOX
	HIDD_DAMAGE
	HID_FILE_UPDATE
	HIDD_READYROOM
	HID_EDIT_PASTE
	AFX_HIDW_RESIZE_BAR
	AFX_HIDP_SQL_NO_DATA_FOUND
	HIDD_SDETAIL
	AFX_HIDP_SQL_EMPTY_COLUMN_LIST
	HIDD_MISSIONDEBRIEF
	HID_FILE_SEND_MAIL
	AFX_HIDP_SQL_ODBC_LOAD_FAILED
	AFX_HIDP_FAILED_TO_CREATE
	AFX_HIDP_ASK_TO_SAVE
	HIDD_PROFILE_LIBRARY
	AFX_HIDP_ASK_TO_UPDATE
	HIDD_WPDETAIL
	HID_MINI_OFFICE
	AFX_HIDD_BUSY
	AFX_HIDD_FIND
	AFX_HIDD_FONT
	AFX_HIDP_FAILED_ACCESS_READ
	AFX_HIDP_FILE_TOO_LARGE
	AFX_HIDP_ARCH_NONE
	HIDD_LASTMISSIONLOG
	HID_RECORD_LAST
	HID_RECORD_NEXT
	HID_RECORD_PREV
	HID_EDIT_COPY
	HID_EDIT_FIND
	HID_EDIT_REDO
	HID_OVERVIEW
	HID_EDIT_UNDO
	HIDD_SCAMPAIGNSELECT
	AFX_HIDD_OBJECTPROPERTIES
	HID_ZOOM_IN
	HID_B29
	HID_BYE
	HID_DIS
	HID_HT_VSCROLL
	AFX_HIDP_FAILED_TO_AUTO_REGISTER
	HIDD_WPBUTTONS
	AFX_HIDP_STATIC_OBJECT
	HIDD_SFLIGHT
	HIDD_MAPFRAG
	AFX_HIDP_FILE_TOO_MANY_OPEN
	HIDD_ARMY
	HIDD_FRAG
	AFX_HIDP_FILE_ACCESS_DENIED
	HIDD_LOAD
	HIDD_SAVE
	HIDD_TASK
	HIDD_WAVE
	HID_GOSMALL
	HIDD_EMPTYDIAL
	HIDD_DIALOG1
	HIDD_DIALOG2
	HIDD_DIALOG3
	HIDD_EMPTYPAGE
	HIDD_SCONTROLLER
	HIDD_CHAIN_OF_COMMAND
	HID_FILE_SAVE_COPY_AS
	AFX_HIDD_CONVERT
	HIDD_DOSSBUTTONS
	HID_SC_PREVWINDOW
	AFX_HIDP_ASK_TO_DISCARD
	AFX_HIDP_SQL_FIELD_SCHEMA_MISMATCH
	AFX_HIDP_SQL_LOCK_MODE_NOT_SUPPORTED
	HID_FORMAT_FONT
	HIDD_SQUICKMISSIONDEBRIEF_AIRCLAIMS
	AFX_HIDP_FILE_HARD_IO
	HIDP_OLE_INIT_FAILED
	HIDD_AC_OVERVIEW
	AFX_HIDD_CHANGESOURCE
	HIDD_SQUICKSET_CH
	HIDD_SQUICKSET_UN
	HIDD_WPGROUND
	HIDD_PROPPAGE_RTITLE
	HIDD_VARIANTS
	HIDD_FIXEDNAMES
	AFX_HIDP_INTERNAL_FAILURE
	HID_HT_NOWHERE
	HIDD_EMPTYCHILD
	HIDD_VIEWQLIST
	HIDD_CURREMBLEM
	AFX_HIDP_FILE_NOT_FOUND
	AFX_HIDW_DOCKBAR_TOP
	HID_SC_TASKLIST
	AFX_HIDP_PARSE_INT
	AFX_HIDP_DAO_DFX_BIND
	AFX_HIDW_TOOLBAR
	HID_THUMBNAIL
	HID_CANCEL_EDIT_CNTR
	HID_HT_MAXBUTTON
	HID_RESOURCE18
	AFX_HIDP_SQL_ODBC_V2_REQUIRED
	AFX_HIDP_SQL_NO_ROWS_AFFECTED
	HIDD_MISSIONLOG
	HID_HELP_INDEX
	HID_OLE_EDIT_CONVERT
	HIDD_ARMYDOSSIER
	HID_HELP_USING
	AFX_HIDP_FAILED_INVALID_FORMAT
	HIDD_SELECTTARGET
	AFX_HIDP_SQL_SQL_CONFORMANCE
	HID_ZOOM_OUT
	AFX_HIDD_INSERTOBJECT
	HID_FRAG
	HIDD_FOOTAGE
	HIDD_MAP
	HID_CHANGE_TO_TITLE
	AFX_HIDP_SQL_RECORDSET_READONLY
	AFX_HIDP_BAD_VERB
	HID_ASSESSMENT
	HID_WEATHER
	AFX_HIDP_PARSE_RADIO_BUTTON
	HIDD_LOADFULL
	AFX_HIDP_FAILED_TO_LAUNCH
	HIDD_EMPTYNOBORDER
	HID_EDIT_PASTE_SPECIAL
	HIDD_SMACKER
	HIDD_SQDNLIST_BUT
	AFX_HIDP_DAO_ROWTOOSHORT
	HID_SQUADS
	HID_SC_MOVE
	HID_SC_SIZE
	AFX_HIDP_SQL_INCORRECT_ODBC
	AFX_HIDP_NO_ERROR_AVAILABLE
	HID_SC_MAXIMIZE
	AFX_HIDW_DOCKBAR_BOTTOM
	HID_PREV_PANE
	AFX_HIDP_FILE_DIR_FULL
	AFX_HIDP_INVALID_FILENAME
	AFX_HIDP_DAO_BADBINDINFO
	AFX_HIDP_SQL_UPDATE_DELETE_FAILED
	AFX_HIDP_PARSE_DATETIME
	HIDD_SQDNLIST
	HID_VIEW_TOOLBAR
	HID_OLE_EDIT_CHANGE_ICON
	AFX_HIDP_ARCH_ENDOFFILE
	HID_RESOURCE
	HIDD_FRAGCOMMS
	HIDD_CAMPAIGNBACKENTIREWAR
	AFX_HIDP_SQL_SQL_NO_TOTAL
	AFX_HIDP_SQL_CONNECT_FAIL
	AFX_HIDW_STATUS_BAR
	HIDD_TARGETS
	HIDD_GENERAL
	AFX_HIDP_SQL_API_CONFORMANCE
	HID_OLE_EDIT_PROPERTIES
	AFX_HIDP_FAILED_TO_NOTIFY
	HID_SHOW_AIR_STRIPS
	AFX_HIDP_FILE_DISKFULL
	HID_FILE_SAVE_AS
	AFX_HIDP_FAILED_MEMORY_ALLOC
	AFX_HIDP_FAILED_TO_SAVE_DOC
	HID_FILE_PAGE_SETUP
	AFX_HIDW_DOCKBAR_LEFT
	AFX_HIDP_FILE_REMOVE_CURRENT
	AFX_HIDP_ARCH_BADCLASS
	AFX_HIDP_SQL_NO_POSITIONED_UPDATES
	HID_OLE_VERB_1
	HID_OLE_VERB_1
	HID_OLE_VERB_1
	HID_OLE_VERB_1
	HID_OLE_VERB_1
	HID_OLE_VERB_1
	HID_OLE_VERB_1
	HID_OLE_VERB_1
	HID_OLE_VERB_1
	HID_OLE_VERB_1
	HID_OLE_VERB_1
	HID_OLE_VERB_1
	HID_OLE_VERB_1
	HID_OLE_VERB_1
	HID_OLE_VERB_1
	HID_OLE_VERB_1
	AFX_HIDP_ARCH_BADINDEX
	HID_WIZBACK
	HID_WIZNEXT
	AFX_HIDP_PARSE_REAL_RANGE
	HID_WINDOW_SPLIT
	AFX_HIDP_SERVER_BUSY
	HID_HT_HSCROLL
	AFX_HIDP_PARSE_CURRENCY
	HIDD_EMPTYTOOLBAR
	AFX_HIDP_FILE_NONE
	AFX_HIDW_PREVIEW_BAR
	HID_FILE_PRINT_SETUP
	AFX_HIDP_FAILED_TO_CONNECT
	AFX_HIDP_FAILED_TO_CONVERT
	HID_HELP_FINDER
	HIDD_DIRECTIVES
	AFX_HIDP_FILE_EOF
	HIDD_SQUICKMISSION
	HIDD_MISSIONTEXT
	HID_HT_CAPTION
	HIDD_SREPLAY
	AFX_HIDP_FILE_LOCKING
	AFX_HIDP_SQL_ILLEGAL_MODE
	HIDD_ABOUTBOX
	AFX_HIDD_PREVIEW_TOOLBAR
	AFX_HIDP_FAILED_TO_REGISTER
	AFX_HIDP_FAILED_IO_ERROR_READ
	HID_WINDOW_ARRANGE
	HIDD_SQDNLIST_BACK
	HIDD_testview
	AFX_HIDP_SQL_NO_CURRENT_RECORD
	AFX_HIDP_FILE_BAD_PATH
	AFX_HIDP_FILE_BAD_SEEK
	HIDD_testch1
	HIDD_SSOUND
	HIDD_STRIKE
	HIDD_SUPPLY
	AFX_HIDP_SQL_ROW_UPDATE_NOT_SUPPORTED
	HIDD_SYSTEM
	HID_APP_ABOUT
	HIDD_BATTLEDETAIL
	AFX_HIDP_FAILED_MAPI_LOAD
	AFX_HIDP_FAILED_MAPI_SEND
	HIDD_JOYERROR
	HIDR_MIGTYPE
	HID_EDIT_REPLACE
	AFX_HIDP_FAILED_IO_ERROR_WRITE
	HID_APP_EXIT
	AFX_HIDP_FILE_SHARING
	HIDD_WPSHARED
	HID_FILE_NEW
	HID_INTELLIGENCE
	HIDD_SAVEREPLAY
	HID_FILE_PRINT_DIRECT
	HIDR_CNTR_INPLACE
	HID_FILE_CLOSE
	HID_FILE_MRU_FILE1
	HID_FILE_MRU_FILE1
	HID_FILE_MRU_FILE1
	HID_FILE_MRU_FILE1
	HID_FILE_MRU_FILE1
	HID_FILE_MRU_FILE1
	HID_FILE_MRU_FILE1
	HID_FILE_MRU_FILE1
	HID_FILE_MRU_FILE1
	HID_FILE_MRU_FILE1
	HID_FILE_MRU_FILE1
	HID_FILE_MRU_FILE1
	HID_FILE_MRU_FILE1
	HID_FILE_MRU_FILE1
	HID_FILE_MRU_FILE1
	HID_FILE_MRU_FILE1
	HID_POPUP_ZOOM_OUT
	HID_FILE_PRINT
	HIDD_MODAL_DIALOG
	AFX_HIDP_SQL_DYNASET_NOT_SUPPORTED
	AFX_HIDD_PRINTSETUP
	HIDD_SQUICKBACK
	HID_JOYSTICK_CONFIG
	HID_DIRECTIVES
	AFX_HIDP_SQL_ROW_FETCH
	HIDD_OLDTOOLBAR
	HIDD_COMMSPAINT
	HID_VIEW_STATUS_BAR
	HIDD_CAMPAIGNBACKGROUND
	HIDD_AUTOPILOT
	HIDD_SVIEWER
	AFX_HIDP_FAILED_TO_UPDATE
	HIDD_QUICKMISSION
	AFX_HIDP_SET_NOT_SUPPORTED
	AFX_HIDD_CHANGEICON
	AFX_HIDP_ARCH_BADSCHEMA
	HIDD_SQUICKMISSIONDEBRIEF_GROUNDCLAIMS
	AFX_HIDD_FILEBROWSE
	HIDD_DELETEME
	AFX_HIDP_FAILED_TO_LAUNCH_HELP
	HIDD_SELECTIONRESULTS
	AFX_HIDP_FAILED_TO_START_PRINT
	HID_WINDOW_ALL
	HID_WINDOW_NEW
	HID_CONTEXT_HELP
	HID_BUTTON32776
	AFX_HIDD_EDITLINKS
	AFX_HIDP_SQL_DATA_TRUNCATED
	HID_HT_SIZE
	HID_HT_SIZE
	HID_HT_SIZE
	HID_HT_SIZE
	HID_HT_SIZE
	HID_HT_SIZE
	HID_HT_SIZE
	HID_HT_SIZE
	HID_HT_SIZE
	HID_HT_SIZE
	HID_WIZFINISH
	AFX_HIDP_INVALID_MAPI_DLL
	AFX_HIDD_PREVIEW_SHORTTOOLBAR
	AFX_HIDP_DAO_OBJECT_NOT_OPEN
	HIDD_MAP_FILTERS
	HID_RESOURCE2
	AFX_HIDP_ARCH_WRITEONLY
	HID_SHOW_BRIDGES
	HID_OLE_EDIT_LINKS
	HIDD_DIRECTS2
	AFX_HIDP_SQL_MULTIPLE_ROWS_AFFECTED
	HID_GONORMAL
	HIDD_GROUNDVIEW
	AFX_HIDD_COLOR
	HID_EDIT_PASTE_LINK
	HID_NEXT_PANE
	AFX_HIDP_DAO_ENGINE_INITIALIZATION
	AFX_HIDW_DOCKBAR_FLOAT
	AFX_HIDP_FAILED_TO_OPEN_DOC
	HID_FILE_OPEN
	HID_FILE_SAVE
	AFX_HIDD_PRINT
	HID_SC_MINIMIZE
	AFX_HIDW_DOCKBAR_RIGHT
	AFX_HIDP_PARSE_BYTE
	AFX_HIDP_PARSE_REAL
	AFX_HIDP_PARSE_UINT
	AFX_HIDP_ARCH_GENERIC
	HIDD_PILOTS_AIRCRAFT_DETAILS
	HIDD_TITLE_INFO
	AFX_HIDP_SQL_SNAPSHOT_NOT_SUPPORTED
	HID_HT_MINBUTTON
	HIDD_VISITORSBOOK
	AFX_HIDD_PASTESPECIAL
	HIDD_WPMAINDETAIL
	AFX_HIDP_FILE_GENERIC
	HIDD_FLT_TASK
	HIDD_SQUICKMISSIONDEBRIEF
	AFX_HIDP_FILE_INVALID_FILE
	HID_EDIT_CLEAR_ALL
	AFX_HIDP_ARCH_READONLY
	AFX_HIDP_SQL_RECORDSET_FORWARD_ONLY
	HIDR_MAINFRAME
	HID_OLE_INSERT_NEW
	HID_EDIT_CUT
	AFX_HIDP_SQL_DYNAMIC_CURSOR_NOT_SUPPORTED
	HIDD_COMBATVIEW
	AFX_HIDP_PARSE_INT_RANGE
	AFX_HIDP_FAILED_ACCESS_WRITE
	HIDD_JOYSTICK_CONFIG
	HIDD_SELECTSERVICE
	HIDD_SELECTSESSION
	HIDD_PILOT_PERSONAL_DETAILS
	HIDP_FAILED_TO_CREATE
	AFX_HIDP_FAILED_INVALID_PATH
	HID_PLAYERLOG
	HIDD_COMMSAC
	HIDD_ROUTEMAIN
	AFX_HIDP_DAO_COLUMNUNAVAILABLE
	AFX_HIDD_REPLACE
	HID_BASES
43	Topics
73	Jumps
32	Keywords
0	Bitmaps


File size: 37,259
Hall+Zeck compression decreased help file by 25,127 bytes.
Compile time: 0 minutes, 2 seconds
1 note, 3 warnings
