1 COMM TailCd
2 COMM CtrlCl
3 F86E Cl
4 F86E Cd
5 F86E CompCd
6 F86E Cm
7 F86E TailCl
8 F86E FinCl
9 F86E SlatCl
10 F86E FlapCl
11 F86E FlapCd
12 F86E FlapCm
13 F86E JetCr
14 MIG15 Cl
15 MIG15 Cd
16 MIG15 CompCd
17 MIG15 Cm
18 MIG15 TailCl
19 MIG15 FinCl
20 MIG15 JetCr
21 F84E Cl
22 F84E Cd
23 F84E CompCd
24 F84E Cm
25 F84E TailCl
26 F84E FinCl
27 F84E JetCr
28 F80C Cl
29 F80C Cd
30 F80C CompCd
31 F80C Cm
32 F80C TailCl
33 F80C FinCl
34 F80C JetCr
35 F51D Cl
36 F51D Cd
37 F51D CompCd
38 F51D Cm
39 F51D TailCl
40 F51D FinCl
41 F51D Power100
42 F51D Power0
43 F51D PowerAlt
44 F51D PropEff
45 F51D PropTq
46 F94A Cd
