Microsoft (R) Help Compiler
HCRTF 4.03.0002
Copyright (c) Microsoft Corp 1990 - 1995. All rights reserved.
mig.hpj
    HC3037: Warning: C:\Mig_help\spanish\.\MIG.hm : 
	The map value for "HIDD_PAYLOAD" is the same as the map value for "HIDD_DIALOG2".
    HC3037: Warning: C:\Mig_help\spanish\.\MIG.hm : 
	The map value for "HIDD_SQUICKSET" is the same as the map value for "HIDD_SQUICKSET_UN".
    HC4010: Warning: 
	There are more opening braces than closing braces.
    HC3111: Warning: topic #5 of C:\Mig_help\spanish\.\.\mig.rtf : 
	This topic contains keywords but no title.
    HC3108: Warning: topic #5 of C:\Mig_help\spanish\.\.\mig.rtf : 
	The title footnote ($) does not appear before any text.
    HC3108: Warning: topic #18 of C:\Mig_help\spanish\.\.\mig.rtf : 
	The title footnote ($) does not appear before any text.
    HC3048: Warning: topic #19 of C:\Mig_help\spanish\.\.\mig.rtf : 
	Nonscrolling region defined after scrolling region.
    HC3111: Warning: topic #24 of C:\Mig_help\spanish\.\.\mig.rtf : 
	This topic contains keywords but no title.
    HC3108: Warning: topic #24 of C:\Mig_help\spanish\.\.\mig.rtf : 
	The title footnote ($) does not appear before any text.
    HC4010: Warning: 
	There are more opening braces than closing braces.
    HC3025: Warning: topic #28 of C:\Mig_help\spanish\.\.\mig.rtf : 
	Jump to undefined Topic ID: "HIDD_PROFILE".
    HC3025: Warning: topic #4 of C:\Mig_help\spanish\.\.\mig.rtf : 
	Jump to undefined Topic ID: "HIDD_WAVETABS".
    HC3025: Warning: topic #4 of C:\Mig_help\spanish\.\.\mig.rtf : 
	Jump to undefined Topic ID: "HIDD_TASKTABS".
    HC1010: Note: 
	The following mapped Topic IDs were not used in any topic:
	HID_GOBIG
	HIDD_BASES
	HIDD_CHOKE
	HIDD_NOTES
	HIDD_RADIO
	HIDD_ROUTE
	HIDD_SCALE
	HIDD_SGAME
	HIDD_test1
	HIDD_TITLE
	HID_POPUP_ZOOM_IN
	HIDD_WPAAA
	HIDD_WPAIR
	HIDD_LISTBOX
	HIDD_ARMYDETAILS
	HIDD_CHOOSESQUAD
	HIDD_AIRFIELDS
	HID_TITLE_VIEW
	HIDD_CREDITS
	HID_RESULTS
	HID_MISSION_FOLDER
	HIDD_TRAFFIC
	HIDD_QUICKTEXT
	HIDD_QUICKVIEW
	HIDD_DEBRIEF
	HIDD_CAREER
	HIDD_LOCKERROOM
	HIDD_FRAGPILT
	HIDD_DIRECTS_1
	HIDD_HINTBOX
	HIDD_DAMAGE
	HIDD_READYROOM
	HIDD_SDETAIL
	HIDD_MISSIONDEBRIEF
	HIDD_PROFILE_LIBRARY
	HIDD_WPDETAIL
	HID_MINI_OFFICE
	HIDD_LASTMISSIONLOG
	HID_OVERVIEW
	HIDD_SCAMPAIGNSELECT
	HID_ZOOM_IN
	HID_B29
	HID_BYE
	HID_DIS
	HIDD_WPBUTTONS
	HIDD_MISCTOOLBAR
	HIDD_PROFILE
	HIDD_SFLIGHT
	HIDD_MAPFRAG
	HIDD_ARMY
	HIDD_FRAG
	HIDD_LOAD
	HIDD_SAVE
	HIDD_TASK
	HIDD_WAVE
	HID_GOSMALL
	HIDD_EMPTYDIAL
	HIDD_DIALOG1
	HIDD_DIALOG2
	HIDD_DIALOG3
	HIDD_EMPTYPAGE
	HIDD_SCONTROLLER
	HIDD_CHAIN_OF_COMMAND
	HIDD_DOSSBUTTONS
	HIDD_WAVEINSERT
	HIDD_SQUICKMISSIONDEBRIEF_AIRCLAIMS
	HIDP_OLE_INIT_FAILED
	HIDD_AC_OVERVIEW
	HIDD_SQUICKSET_CH
	HIDD_SQUICKSET_UN
	HIDD_WPGROUND
	HIDD_PROPPAGE_RTITLE
	HIDD_VARIANTS
	HIDD_FIXEDNAMES
	HIDD_EMPTYCHILD
	HIDD_VIEWQLIST
	HIDD_CURREMBLEM
	HID_THUMBNAIL
	HID_CANCEL_EDIT_CNTR
	HID_RESOURCE18
	HIDD_MISSIONLOG
	HIDD_ARMYDOSSIER
	HIDD_SELECTTARGET
	HID_ZOOM_OUT
	HIDD_MAPFILTERS
	HID_FRAG
	HIDD_FOOTAGE
	HIDD_MAP
	HID_CHANGE_TO_TITLE
	HID_ASSESSMENT
	HID_WEATHER
	HIDD_LOADFULL
	HIDD_EMPTYNOBORDER
	HIDD_SMACKER
	HIDD_SQDNLIST_BUT
	HID_SQUADS
	HIDD_SQDNLIST
	HID_RESOURCE
	HIDD_FRAGCOMMS
	HIDD_CAMPAIGNBACKENTIREWAR
	HIDD_TARGETS
	HIDD_GENERAL
	HID_SHOW_AIR_STRIPS
	HIDD_TITLEBAR
	HIDD_EMPTYTOOLBAR
	HIDD_DIRECTIVES
	HIDD_SQUICKMISSION
	HIDD_MISSIONTEXT
	HIDD_SREPLAY
	HIDD_ABOUTBOX
	HIDD_SQDNLIST_BACK
	HIDD_testview
	HIDD_testch1
	HIDD_SSOUND
	HIDD_STRIKE
	HIDD_SUPPLY
	HIDD_SYSTEM
	HIDD_BATTLEDETAIL
	HIDD_JOYERROR
	HIDR_MIGTYPE
	HIDD_WPSHARED
	HID_INTELLIGENCE
	HIDD_WAVETABS
	HIDD_SAVEREPLAY
	HIDR_CNTR_INPLACE
	HID_POPUP_ZOOM_OUT
	HIDD_MODAL_DIALOG
	HIDD_SQUICKBACK
	HID_JOYSTICK_CONFIG
	HIDD_TASKTABS
	HID_DIRECTIVES
	HIDD_OLDTOOLBAR
	HIDD_COMMSPAINT
	HIDD_CAMPAIGNBACKGROUND
	HIDD_AUTOPILOT
	HIDD_SVIEWER
	HIDD_QUICKMISSION
	HIDD_SQUICKMISSIONDEBRIEF_GROUNDCLAIMS
	HIDD_DELETEME
	HIDD_SELECTIONRESULTS
	HID_BUTTON32776
	HIDD_MAP_FILTERS
	HID_RESOURCE2
	HID_SHOW_BRIDGES
	HIDD_DIRECTS2
	HID_GONORMAL
	HIDD_GROUNDVIEW
	HIDD_PILOTS_AIRCRAFT_DETAILS
	HIDD_FULLPANE
	HIDD_TITLE_INFO
	HIDD_VISITORSBOOK
	HIDD_WPMAINDETAIL
	HIDD_FLT_TASK
	HIDD_SQUICKMISSIONDEBRIEF
	HIDR_MAINFRAME
	HIDD_COMBATVIEW
	HIDD_JOYSTICK_CONFIG
	HIDD_SELECTSERVICE
	HIDD_SELECTSESSION
	HIDD_PILOT_PERSONAL_DETAILS
	HIDP_FAILED_TO_CREATE
	HID_PLAYERLOG
	HIDD_COMMSAC
	HIDD_ROUTEMAIN
	HID_BASES
35	Topics
46	Jumps
31	Keywords
0	Bitmaps


Created C:\Mig_help\spanish\MIG.HLP, 32,893 bytes
Hall+Zeck compression decreased help file by 20,548 bytes.
Compile time: 0 minutes, 2 seconds
1 note, 13 warnings
