C:\mig\SRC\MIGJOY.CPP
C:\mig\SRC\3D\3D.CPP
C:\mig\SRC\3D\3dcode.cpp
C:\mig\SRC\3D\3dcom.cpp
C:\mig\SRC\3D\Anmradio.cpp
C:\mig\SRC\3D\Btree.cpp
C:\mig\SRC\3D\COLLIDED.CPP
C:\mig\SRC\3D\DECOMP.CPP
C:\mig\SRC\3D\IMAGEMAP.CPP
C:\mig\SRC\3D\Jimcol.cpp
C:\mig\SRC\3D\JIMTRI.CPP
C:\mig\SRC\3D\Landscap.cpp
C:\mig\SRC\3D\LSTREAM.CPP
C:\mig\SRC\3D\Migland.cpp
C:\mig\SRC\3D\Monotxt.cpp
C:\mig\SRC\3D\Overlay.cpp
C:\mig\SRC\3D\PARTICLE.CPP
C:\mig\SRC\3D\SHAPES.CPP
C:\mig\SRC\3D\SHPBLD.CPP
C:\mig\SRC\3D\SYMLINE.CPP
C:\mig\SRC\3D\TILEMAKE.CPP
C:\mig\SRC\3D\Transite.cpp
C:\mig\SRC\3D\TRIMAKER.CPP
C:\mig\SRC\3D\UI3D.CPP
C:\mig\SRC\3D\Viewsel.cpp
C:\mig\SRC\3D\WEAPPAK.CPP
C:\mig\SRC\3D\WORLD.CPP
C:\mig\SRC\3D\_3D.CPP
C:\mig\SRC\AI\Aaa.cpp
C:\mig\SRC\AI\AI.CPP
C:\mig\SRC\AI\Msgai.cpp
C:\mig\SRC\AI\SPOTTED.CPP
C:\mig\SRC\AI\Usermsg.cpp
C:\mig\SRC\AI\_AI.CPP
C:\mig\SRC\AIRCRAFT\AIRCRAFT.CPP
C:\mig\SRC\AIRCRAFT\AI_F4U5.CPP
C:\mig\SRC\AIRCRAFT\AI_F8.CPP
C:\mig\SRC\AIRCRAFT\AI_F9F2.CPP
C:\mig\SRC\AIRCRAFT\AI_F51D.CPP
C:\mig\SRC\AIRCRAFT\AI_F80C.CPP
C:\mig\SRC\AIRCRAFT\AI_F82G.CPP
C:\mig\SRC\AIRCRAFT\AI_F84E.CPP
C:\mig\SRC\AIRCRAFT\AI_F86E.CPP
C:\mig\SRC\AIRCRAFT\AI_FFLY.CPP
C:\mig\SRC\AIRCRAFT\AI_MIG15.CPP
C:\mig\SRC\AIRCRAFT\AI_SFURY.CPP
C:\mig\SRC\AIRCRAFT\AI_YAK9.CPP
C:\mig\SRC\AIRCRAFT\CD_A1.CPP
C:\mig\SRC\AIRCRAFT\CD_ATMOS.CPP
C:\mig\SRC\AIRCRAFT\CD_COMM.CPP
C:\mig\SRC\AIRCRAFT\CD_F4U5.CPP
C:\mig\SRC\AIRCRAFT\CD_F8.CPP
C:\mig\SRC\AIRCRAFT\CD_F9F2.CPP
C:\mig\SRC\AIRCRAFT\CD_F51D.CPP
C:\mig\SRC\AIRCRAFT\CD_F80C.CPP
C:\mig\SRC\AIRCRAFT\CD_F82G.CPP
C:\mig\SRC\AIRCRAFT\CD_F84E.CPP
C:\mig\SRC\AIRCRAFT\CD_F86E.CPP
C:\mig\SRC\AIRCRAFT\CD_F94A.CPP
C:\mig\SRC\AIRCRAFT\CD_FFLY.CPP
C:\mig\SRC\AIRCRAFT\CD_MIG15.CPP
C:\mig\SRC\AIRCRAFT\CD_SFURY.CPP
C:\mig\SRC\AIRCRAFT\CD_YAK9.CPP
C:\mig\SRC\AIRCRAFT\DT_A1.CPP
C:\mig\SRC\AIRCRAFT\DT_F4U5.CPP
C:\mig\SRC\AIRCRAFT\DT_F8.CPP
C:\mig\SRC\AIRCRAFT\DT_F9F2.CPP
C:\mig\SRC\AIRCRAFT\Dt_f51d.cpp
C:\mig\SRC\AIRCRAFT\DT_F80C.CPP
C:\mig\SRC\AIRCRAFT\DT_F82G.CPP
C:\mig\SRC\AIRCRAFT\DT_F84E.CPP
C:\mig\SRC\AIRCRAFT\DT_F86E.CPP
C:\mig\SRC\AIRCRAFT\DT_FFLY.CPP
C:\mig\SRC\AIRCRAFT\DT_MIG15.CPP
C:\mig\SRC\AIRCRAFT\DT_OTHER.CPP
C:\mig\SRC\AIRCRAFT\DT_SFURY.CPP
C:\mig\SRC\AIRCRAFT\DT_YAK9.CPP
C:\mig\SRC\AIRCRAFT\_AIRC.CPP
C:\mig\SRC\BFIELDS\BATNODE.CPP
C:\mig\SRC\BFIELDS\BFIEC.CPP
C:\mig\SRC\BFIELDS\BFIELDS.CPP
C:\mig\SRC\BFIELDS\GLOBREFS.CPP
C:\mig\SRC\BFIELDS\MAPCODE.CPP
C:\mig\SRC\BFIELDS\MEGLOBAL.CPP
C:\mig\SRC\BFIELDS\MESSAGES.CPP
C:\mig\SRC\BFIELDS\PERSONS.CPP
C:\mig\SRC\BFIELDS\Persons2.cpp
C:\mig\SRC\BFIELDS\Persons3.cpp
C:\mig\SRC\BFIELDS\PERSONS4.CPP
C:\mig\SRC\BFIELDS\PERSONS5.CPP
C:\mig\SRC\BFIELDS\PERSONS6.CPP
C:\mig\SRC\BFIELDS\PERSONS7.CPP
C:\mig\SRC\BFIELDS\QMISS.CPP
C:\mig\SRC\BFIELDS\SAVEBIN.CPP
C:\mig\SRC\BFIELDS\TANK.CPP
C:\mig\SRC\BFIELDS\TOKEN.CPP
C:\mig\SRC\BFIELDS\TRANS3D.CPP
C:\mig\SRC\BFIELDS\_BFIE.CPP
C:\mig\SRC\COMMS\Aggrgtor.cpp
C:\mig\SRC\COMMS\Comms.cpp
C:\mig\SRC\COMMS\Replay.cpp
C:\mig\SRC\COMMS\Winmove.cpp
C:\mig\SRC\COMMS\_COMM.CPP
C:\mig\SRC\FILES\DISKIO.CPP
C:\mig\SRC\FILES\DOSFILE.CPP
C:\mig\SRC\FILES\FILEI.CPP
C:\mig\SRC\FILES\Fileman.cpp
C:\mig\SRC\FILES\LOADLIB.CPP
C:\mig\SRC\FILES\LOADLIST.CPP
C:\mig\SRC\FILES\WINFILE.CPP
C:\mig\SRC\FILES\_FILE.CPP
C:\mig\SRC\GENERAL\ASMSTUB.CPP
C:\mig\SRC\GENERAL\DEB.CPP
C:\mig\SRC\GENERAL\DOSERROR.CPP
C:\mig\SRC\GENERAL\GENEC.CPP
C:\mig\SRC\GENERAL\GETSET.CPP
C:\mig\SRC\GENERAL\INSTALL.CPP
C:\mig\SRC\GENERAL\MAIN.CPP
C:\mig\SRC\GENERAL\MALLOC.CPP
C:\mig\SRC\GENERAL\MEMBLOCK.CPP
C:\mig\SRC\GENERAL\MT_MAIN.CPP
C:\mig\SRC\GENERAL\NEWFIX.CPP
C:\mig\SRC\GENERAL\NEWFIX2.CPP
C:\mig\SRC\GENERAL\STATIC.CPP
C:\mig\SRC\GENERAL\STUB.CPP
C:\mig\SRC\GENERAL\Winerror.cpp
C:\mig\SRC\GENERAL\WINFLY.CPP
C:\mig\SRC\GENERAL\WINMAIN.CPP
C:\mig\SRC\GENERAL\WINSTERR.CPP
C:\mig\SRC\GENERAL\WINSTSTB.CPP
C:\mig\SRC\GENERAL\_GENE.CPP
C:\mig\SRC\GRAPHICS\GRAFPRIM.CPP
C:\mig\SRC\GRAPHICS\LBM.CPP
C:\mig\SRC\GRAPHICS\LBMFILE.CPP
C:\mig\SRC\GRAPHICS\POLYGON.CPP
C:\mig\SRC\GRAPHICS\POLYJIM.CPP
C:\mig\SRC\GRAPHICS\TGA.CPP
C:\mig\SRC\GRAPHICS\Winsmack.cpp
C:\mig\SRC\GRAPHICS\Wrapper.cpp
C:\mig\SRC\GRAPHICS\_GRAP.CPP
C:\mig\SRC\HARDWARE\Config.cpp
C:\mig\SRC\HARDWARE\Ddrwinit.cpp
C:\mig\SRC\HARDWARE\DOSTIME.CPP
C:\mig\SRC\HARDWARE\HARD320.CPP
C:\mig\SRC\HARDWARE\HARD320D.CPP
C:\mig\SRC\HARDWARE\HARDGAP.CPP
C:\mig\SRC\HARDWARE\HARDINIT.CPP
C:\mig\SRC\HARDWARE\HARDPRIM.CPP
C:\mig\SRC\HARDWARE\HARDPUB.CPP
C:\mig\SRC\HARDWARE\HARDVBE1.CPP
C:\mig\SRC\HARDWARE\HARDVBE2.CPP
C:\mig\SRC\HARDWARE\HARDVBED.CPP
C:\mig\SRC\HARDWARE\Hardwin.cpp
C:\mig\SRC\HARDWARE\Messengn.cpp
C:\mig\SRC\HARDWARE\Miles.cpp
C:\mig\SRC\HARDWARE\MILESTUB.CPP
C:\mig\SRC\HARDWARE\Rchatter.cpp
C:\mig\SRC\HARDWARE\SFONTS.CPP
C:\mig\SRC\HARDWARE\Win3d.cpp
C:\mig\SRC\HARDWARE\WINMILES.CPP
C:\mig\SRC\HARDWARE\WINTIME.CPP
C:\mig\SRC\HARDWARE\_HARD.CPP
C:\mig\SRC\INPUT\ANALDIG.CPP
C:\mig\SRC\INPUT\ANALGAP.CPP
C:\mig\SRC\INPUT\ANALIFRC.CPP
C:\mig\SRC\INPUT\ANALJOY.CPP
C:\mig\SRC\INPUT\ANALMOUS.CPP
C:\mig\SRC\INPUT\ANALOGUE.CPP
C:\mig\SRC\INPUT\ANALPUB.CPP
C:\mig\SRC\INPUT\ANALWIN.CPP
C:\mig\SRC\INPUT\INPUA.CPP
C:\mig\SRC\INPUT\Keylist.cpp
C:\mig\SRC\INPUT\Keystub.cpp
C:\mig\SRC\INPUT\KEYTESTS.CPP
C:\mig\SRC\INPUT\MOUSE.CPP
C:\mig\SRC\INPUT\_INPU.CPP
C:\mig\SRC\MATH\MATH.CPP
C:\mig\SRC\MATH\MATHU.CPP
C:\mig\SRC\MATH\MATRIX.CPP
C:\mig\SRC\MATH\_MATH.CPP
C:\mig\SRC\MEDITOR\ABOUT.CPP
C:\mig\SRC\MEDITOR\ACCOLOR.CPP
C:\mig\SRC\MEDITOR\ACITEM.CPP
C:\mig\SRC\MEDITOR\AFSELECT.CPP
C:\mig\SRC\MEDITOR\BFFORM.CPP
C:\mig\SRC\MEDITOR\CONFIRM.CPP
C:\mig\SRC\MEDITOR\CURRSHP.CPP
C:\mig\SRC\MEDITOR\EVENTSEL.CPP
C:\mig\SRC\MEDITOR\EVENTSPN.CPP
C:\mig\SRC\MEDITOR\EVENTTXT.CPP
C:\mig\SRC\MEDITOR\GAMESTUB.CPP
C:\mig\SRC\MEDITOR\GRNDGRP.CPP
C:\mig\SRC\MEDITOR\INFO.CPP
C:\mig\SRC\MEDITOR\ITEMCNT.CPP
C:\mig\SRC\MEDITOR\LOADSAVE.CPP
C:\mig\SRC\MEDITOR\MAPLOAD.CPP
C:\mig\SRC\MEDITOR\MEDITOR.CPP
C:\mig\SRC\MEDITOR\MEMAIN.CPP
C:\mig\SRC\MEDITOR\MEMAIN2.CPP
C:\mig\SRC\MEDITOR\MEMAIN3.CPP
C:\mig\SRC\MEDITOR\MISSCOND.CPP
C:\mig\SRC\MEDITOR\MISSOBJ.CPP
C:\mig\SRC\MEDITOR\MISSTEXT.CPP
C:\mig\SRC\MEDITOR\NAMELIST.CPP
C:\mig\SRC\MEDITOR\PERSONS4.CPP
C:\mig\SRC\MEDITOR\PLAYER.CPP
C:\mig\SRC\MEDITOR\PRECOMP.CPP
C:\mig\SRC\MEDITOR\SELTARG.CPP
C:\mig\SRC\MEDITOR\SGROUPS.CPP
C:\mig\SRC\MEDITOR\SQINFO.CPP
C:\mig\SRC\MEDITOR\STATIC.CPP
C:\mig\SRC\MEDITOR\WAYPOINT.CPP
C:\mig\SRC\MFC\000TOOLS.CPP
C:\mig\SRC\MFC\AC_VIEW.CPP
C:\mig\SRC\MFC\AFXSTUB.CPP
C:\mig\SRC\MFC\APILOT.CPP
C:\mig\SRC\MFC\ARMY.CPP
C:\mig\SRC\MFC\Armydetl.cpp
C:\mig\SRC\MFC\ARMYRQST.CPP
C:\mig\SRC\MFC\Army_dos.cpp
C:\mig\SRC\MFC\AUTHOR.CPP
C:\mig\SRC\MFC\BASES.CPP
C:\mig\SRC\MFC\BASEST.CPP
C:\mig\SRC\MFC\BATTDETL.CPP
C:\mig\SRC\MFC\BUTONBAR.CPP
C:\mig\SRC\MFC\Campback.cpp
C:\mig\SRC\MFC\CAMPLIST.CPP
C:\mig\SRC\MFC\CAMPWAR.CPP
C:\mig\SRC\MFC\CAREER.CPP
C:\mig\SRC\MFC\CHOKE.CPP
C:\mig\SRC\MFC\CHSQUAD.CPP
C:\mig\SRC\MFC\CMBTVIEW.CPP
C:\mig\SRC\MFC\CNTRITEM.CPP
C:\mig\SRC\MFC\COMIT_E.CPP
C:\mig\SRC\MFC\Commsac.cpp
C:\mig\SRC\MFC\COMMSPNT.CPP
C:\mig\SRC\MFC\Credits.cpp
C:\mig\SRC\MFC\CURREMBL.CPP
C:\mig\SRC\MFC\Damage.cpp
C:\mig\SRC\MFC\DBRFTLBR.CPP
C:\mig\SRC\MFC\DIRECTS1.CPP
C:\mig\SRC\MFC\DIRECTS2.CPP
C:\mig\SRC\MFC\DIS.CPP
C:\mig\SRC\MFC\DIS_NOTE.CPP
C:\mig\SRC\MFC\Dosbut.cpp
C:\mig\SRC\MFC\DOSSIER.CPP
C:\mig\SRC\MFC\FILING.CPP
C:\mig\SRC\MFC\FLT_TASK.CPP
C:\mig\SRC\MFC\FONT.CPP
C:\mig\SRC\MFC\FOOTAGE.CPP
C:\mig\SRC\MFC\Frag.cpp
C:\mig\SRC\MFC\FRAGPILT.CPP
C:\mig\SRC\MFC\FULLCONF.CPP
C:\mig\SRC\MFC\Fullpane.cpp
C:\mig\SRC\MFC\GENERAL.CPP
C:\mig\SRC\MFC\GETRESRC.CPP
C:\mig\SRC\MFC\GETSHADW.CPP
C:\mig\SRC\MFC\GRNDVIEW.CPP
C:\mig\SRC\MFC\HINTBOX.CPP
C:\mig\SRC\MFC\IDEAS.CPP
C:\mig\SRC\MFC\JOYCONFG.CPP
C:\mig\SRC\MFC\Listbx.cpp
C:\mig\SRC\MFC\LOAD.CPP
C:\mig\SRC\MFC\LOADPROF.CPP
C:\mig\SRC\MFC\LOCKER.CPP
C:\mig\SRC\MFC\LSTMSNLG.CPP
C:\mig\SRC\MFC\Mainfrm.cpp
C:\mig\SRC\MFC\MAINTBAR.CPP
C:\mig\SRC\MFC\MAPDLG.CPP
C:\mig\SRC\MFC\MAPFLTRS.CPP
C:\mig\SRC\MFC\MFCSTUFF.CPP
C:\mig\SRC\MFC\Mig.cpp
C:\mig\SRC\MFC\MIGDOC.CPP
C:\mig\SRC\MFC\MIGMFC.CPP
C:\mig\SRC\MFC\Migview.cpp
C:\mig\SRC\MFC\MISNTEXT.CPP
C:\mig\SRC\MFC\MISN_LOG.CPP
C:\mig\SRC\MFC\Missfldr.cpp
C:\mig\SRC\MFC\MRESULT.CPP
C:\mig\SRC\MFC\MSCTLBR.CPP
C:\mig\SRC\MFC\Msndebrf.cpp
C:\mig\SRC\MFC\MTCHILD.CPP
C:\mig\SRC\MFC\NOSE_ART.CPP
C:\mig\SRC\MFC\NOTES.CPP
C:\mig\SRC\MFC\OVERVIEW.CPP
C:\mig\SRC\MFC\PAINT.CPP
C:\mig\SRC\MFC\PAYLOAD.CPP
C:\mig\SRC\MFC\PERSONAL.CPP
C:\mig\SRC\MFC\PICTURE.CPP
C:\mig\SRC\MFC\PILOTS.CPP
C:\mig\SRC\MFC\PLYR_LOG.CPP
C:\mig\SRC\MFC\PROFILE.CPP
C:\mig\SRC\MFC\PROF_LIB.CPP
C:\mig\SRC\MFC\RADIO.CPP
C:\mig\SRC\MFC\RBUTTON.CPP
C:\mig\SRC\MFC\RCOMBO.CPP
C:\mig\SRC\MFC\RCOMBOX.CPP
C:\mig\SRC\MFC\RCSTMBTN.CPP
C:\mig\SRC\MFC\RDEMPTY.CPP
C:\mig\SRC\MFC\RDEMPTYD.CPP
C:\mig\SRC\MFC\RDEMPTYP.CPP
C:\mig\SRC\MFC\RDIALLOG.CPP
C:\mig\SRC\MFC\Rdialog.cpp
C:\mig\SRC\MFC\RDLGBAR.CPP
C:\mig\SRC\MFC\READY.CPP
C:\mig\SRC\MFC\REDIT.CPP
C:\mig\SRC\MFC\REDIT1.CPP
C:\mig\SRC\MFC\REDTBT.CPP
C:\mig\SRC\MFC\RESOURCE.CPP
C:\mig\SRC\MFC\RESULTS.CPP
C:\mig\SRC\MFC\RIP_LIST.CPP
C:\mig\SRC\MFC\RJOYCFG.CPP
C:\mig\SRC\MFC\RLISTBOX.CPP
C:\mig\SRC\MFC\Rmdldlg.cpp
C:\mig\SRC\MFC\ROUTE.CPP
C:\mig\SRC\MFC\ROWTASKS.CPP
C:\mig\SRC\MFC\RRADIO.CPP
C:\mig\SRC\MFC\RSCRLBAR.CPP
C:\mig\SRC\MFC\RSPINBUT.CPP
C:\mig\SRC\MFC\RSPLTBAR.CPP
C:\mig\SRC\MFC\RSTATIC.CPP
C:\mig\SRC\MFC\RTABS.CPP
C:\mig\SRC\MFC\Rtestsh1.cpp
C:\mig\SRC\MFC\RTICKBOX.CPP
C:\mig\SRC\MFC\RTITLE.CPP
C:\mig\SRC\MFC\Rtoolbar.cpp
C:\mig\SRC\MFC\SAIRCLMS.CPP
C:\mig\SRC\MFC\SAVE.CPP
C:\mig\SRC\MFC\SAVEPROF.CPP
C:\mig\SRC\MFC\SAVEREP.CPP
C:\mig\SRC\MFC\SCALEBAR.CPP
C:\mig\SRC\MFC\SCAMP.CPP
C:\mig\SRC\MFC\Scontrol.cpp
C:\mig\SRC\MFC\Sdetail.cpp
C:\mig\SRC\MFC\SELECTS.CPP
C:\mig\SRC\MFC\SERVICE.CPP
C:\mig\SRC\MFC\Session.cpp
C:\mig\SRC\MFC\SFLIGHT.CPP
C:\mig\SRC\MFC\SGAME.CPP
C:\mig\SRC\MFC\SGRDCLMS.CPP
C:\mig\SRC\MFC\SHEETS.CPP
C:\mig\SRC\MFC\Smkdlg.cpp
C:\mig\SRC\MFC\SQDNLB.CPP
C:\mig\SRC\MFC\SQDNLBUT.CPP
C:\mig\SRC\MFC\SQDNLIST.CPP
C:\mig\SRC\MFC\SQUADS.CPP
C:\mig\SRC\MFC\SQUICK1.CPP
C:\mig\SRC\MFC\Squick2.cpp
C:\mig\SRC\MFC\SQUICKP.CPP
C:\mig\SRC\MFC\SQUICKUN.CPP
C:\mig\SRC\MFC\SQVIEW.CPP
C:\mig\SRC\MFC\SREPLAY.CPP
C:\mig\SRC\MFC\Ssound.cpp
C:\mig\SRC\MFC\STDAFX.CPP
C:\mig\SRC\MFC\STRIKE.CPP
C:\mig\SRC\MFC\Stub3d.cpp
C:\mig\SRC\MFC\SUPPLY.CPP
C:\mig\SRC\MFC\SVIEWER.CPP
C:\mig\SRC\MFC\SYSBOX.CPP
C:\mig\SRC\MFC\TASK.CPP
C:\mig\SRC\MFC\TASKTABS.CPP
C:\mig\SRC\MFC\THUMNAIL.CPP
C:\mig\SRC\MFC\TITLEBAR.CPP
C:\mig\SRC\MFC\USERINST.CPP
C:\mig\SRC\MFC\VARIANTS.CPP
C:\mig\SRC\MFC\VISITORS.CPP
C:\mig\SRC\MFC\VWQLIST.CPP
C:\mig\SRC\MFC\WAVE.CPP
C:\mig\SRC\MFC\WAVEINS.CPP
C:\mig\SRC\MFC\WAVETABS.CPP
C:\mig\SRC\MFC\Weapons.cpp
C:\mig\SRC\MFC\WEATHER.CPP
C:\mig\SRC\MFC\WPBUT.CPP
C:\mig\SRC\MFC\WPDETAIL.CPP
C:\mig\SRC\MFC\WPGROUND.CPP
C:\mig\SRC\MFC\WPSHARE.CPP
C:\mig\SRC\MFC\_AFX.CPP
C:\mig\SRC\MFC\_mfc.cpp
C:\mig\SRC\MFC\_SHEETS.CPP
C:\mig\SRC\MISSMAN\DEBRIEF.CPP
C:\mig\SRC\MISSMAN\FORMATN.CPP
C:\mig\SRC\MISSMAN\INTRMISS.CPP
C:\mig\SRC\MISSMAN\Missinit.cpp
C:\mig\SRC\MISSMAN\MISSMAN.CPP
C:\mig\SRC\MISSMAN\MISSP.CPP
C:\mig\SRC\MISSMAN\NODE.CPP
C:\mig\SRC\MISSMAN\NODEKILL.CPP
C:\mig\SRC\MISSMAN\NODEREV.CPP
C:\mig\SRC\MISSMAN\ONEMISS.CPP
C:\mig\SRC\MISSMAN\Packages.cpp
C:\mig\SRC\MISSMAN\PEACMISS.CPP
C:\mig\SRC\MISSMAN\Savegame.cpp
C:\mig\SRC\MISSMAN\SO51MISS.CPP
C:\mig\SRC\MISSMAN\_MISS.CPP
C:\mig\SRC\MODEL\Acmai.cpp
C:\mig\SRC\MODEL\Acmman.cpp
C:\mig\SRC\MODEL\ACMMODEL.CPP
C:\mig\SRC\MODEL\ACMSIMPL.CPP
C:\mig\SRC\MODEL\AERODEV.CPP
C:\mig\SRC\MODEL\CALIB.CPP
C:\mig\SRC\MODEL\CDAT.CPP
C:\mig\SRC\MODEL\CDAT1.CPP
C:\mig\SRC\MODEL\CDAT2.CPP
C:\mig\SRC\MODEL\CDAT3.CPP
C:\mig\SRC\MODEL\CDATMOS.CPP
C:\mig\SRC\MODEL\CDAT_OLD.CPP
C:\mig\SRC\MODEL\CDCOMM.CPP
C:\mig\SRC\MODEL\CDF51D.CPP
C:\mig\SRC\MODEL\CDF80C.CPP
C:\mig\SRC\MODEL\CDF84E.CPP
C:\mig\SRC\MODEL\CDF86E.CPP
C:\mig\SRC\MODEL\CDF94A.CPP
C:\mig\SRC\MODEL\CDMIG15.CPP
C:\mig\SRC\MODEL\CEDITOR.CPP
C:\mig\SRC\MODEL\CTRL.CPP
C:\mig\SRC\MODEL\CURVES.CPP
C:\mig\SRC\MODEL\DERVS.CPP
C:\mig\SRC\MODEL\Elmt.cpp
C:\mig\SRC\MODEL\ENGINE.CPP
C:\mig\SRC\MODEL\F9F2.CPP
C:\mig\SRC\MODEL\F51D.CPP
C:\mig\SRC\MODEL\F80C.CPP
C:\mig\SRC\MODEL\F84E.CPP
C:\mig\SRC\MODEL\F86E.CPP
C:\mig\SRC\MODEL\Gear.cpp
C:\mig\SRC\MODEL\MIG15.CPP
C:\mig\SRC\MODEL\MODACM.CPP
C:\mig\SRC\MODEL\Model.cpp
C:\mig\SRC\MODEL\MODES.CPP
C:\mig\SRC\MODEL\Modint.cpp
C:\mig\SRC\MODEL\MODVEC.CPP
C:\mig\SRC\MODEL\ORGCDAT.CPP
C:\mig\SRC\MODEL\P51D.CPP
C:\mig\SRC\MODEL\SKY.CPP
C:\mig\SRC\MODEL\_MODE.CPP
C:\mig\SRC\MODEL\_MODEL.CPP
C:\mig\SRC\MOVECODE\Automove.cpp
C:\mig\SRC\MOVECODE\DOSMOVE.CPP
C:\mig\SRC\MOVECODE\Flyinit.cpp
C:\mig\SRC\MOVECODE\FLYMODEL.CPP
C:\mig\SRC\MOVECODE\Keyfly.cpp
C:\mig\SRC\MOVECODE\MOVEALL.CPP
C:\mig\SRC\MOVECODE\MOVECODE.CPP
C:\mig\SRC\MOVECODE\MOVEP.CPP
C:\mig\SRC\MOVECODE\SCORING.CPP
C:\mig\SRC\MOVECODE\WPACTION.CPP
C:\mig\SRC\MOVECODE\_MOVE.CPP
C:\mig\SRC\RANIBUT\RANIBUT.CPP
C:\mig\SRC\RANIBUT\STDAFX.CPP
C:\mig\SRC\RBUTTON\ALL.CPP
C:\mig\SRC\RBUTTON\GETFILE.CPP
C:\mig\SRC\RBUTTON\HINTBOX.CPP
C:\mig\SRC\RBUTTON\MINFILE.CPP
C:\mig\SRC\RBUTTON\RBUTTON.CPP
C:\mig\SRC\RBUTTON\RBUTTONC.CPP
C:\mig\SRC\RBUTTON\RBUTTONP.CPP
C:\mig\SRC\RBUTTON\STDAFX.CPP
C:\mig\SRC\RCOMBO\ALL.CPP
C:\mig\SRC\RCOMBO\LISTBX.CPP
C:\mig\SRC\RCOMBO\RCOMBO.CPP
C:\mig\SRC\RCOMBO\RCOMBO1.CPP
C:\mig\SRC\RCOMBO\Rcomboc.cpp
C:\mig\SRC\RCOMBO\RCOMBOP.CPP
C:\mig\SRC\RCOMBO\RLISTBOX.CPP
C:\mig\SRC\RCOMBO\STDAFX.CPP
C:\mig\SRC\REDIT\REDIT.CPP
C:\mig\SRC\REDIT\Reditctl.cpp
C:\mig\SRC\REDIT\REDITPPG.CPP
C:\mig\SRC\REDIT\STDAFX.CPP
C:\mig\SRC\REDTBT\REDTBT.CPP
C:\mig\SRC\REDTBT\Redtbtc.cpp
C:\mig\SRC\REDTBT\REDTBTP.CPP
C:\mig\SRC\REDTBT\STDAFX.CPP
C:\mig\SRC\RJOYCFG\RJOYCFG.CPP
C:\mig\SRC\RJOYCFG\RJOYCFGC.CPP
C:\mig\SRC\RJOYCFG\RJOYCFGP.CPP
C:\mig\SRC\RJOYCFG\STDAFX.CPP
C:\mig\SRC\RLISTBOX\PICTURE.CPP
C:\mig\SRC\RLISTBOX\RLISTBOX.CPP
C:\mig\SRC\RLISTBOX\RLISTBXC.CPP
C:\mig\SRC\RLISTBOX\RLISTBXP.CPP
C:\mig\SRC\RLISTBOX\RSCRLBAR.CPP
C:\mig\SRC\RLISTBOX\STDAFX.CPP
C:\mig\SRC\RRADIO\RRADIO.CPP
C:\mig\SRC\RRADIO\RRADIOC.CPP
C:\mig\SRC\RRADIO\RRADIOP.CPP
C:\mig\SRC\RRADIO\STDAFX.CPP
C:\mig\SRC\RSCRLBAR\RSCRLBAR.CPP
C:\mig\SRC\RSCRLBAR\RSCRLBRC.CPP
C:\mig\SRC\RSCRLBAR\RSCRLBRP.CPP
C:\mig\SRC\RSCRLBAR\STDAFX.CPP
C:\mig\SRC\RSPINBUT\RSPINBTC.CPP
C:\mig\SRC\RSPINBUT\RSPINBTP.CPP
C:\mig\SRC\RSPINBUT\RSPINBUT.CPP
C:\mig\SRC\RSPINBUT\STDAFX.CPP
C:\mig\SRC\RSPLTBAR\RSPLTBAR.CPP
C:\mig\SRC\RSPLTBAR\RSPLTBC.CPP
C:\mig\SRC\RSPLTBAR\RSPLTBP.CPP
C:\mig\SRC\RSPLTBAR\STDAFX.CPP
C:\mig\SRC\RSTATIC\RSTATIC.CPP
C:\mig\SRC\RSTATIC\RSTATICC.CPP
C:\mig\SRC\RSTATIC\RSTATICP.CPP
C:\mig\SRC\RSTATIC\STDAFX.CPP
C:\mig\SRC\RTABS\RTABS.CPP
C:\mig\SRC\RTABS\RTABSCTL.CPP
C:\mig\SRC\RTABS\RTABSPPG.CPP
C:\mig\SRC\RTABS\STDAFX.CPP
C:\mig\SRC\RTICKBOX\RTICKBOX.CPP
C:\mig\SRC\RTICKBOX\RTICKBXC.CPP
C:\mig\SRC\RTICKBOX\RTICKBXP.CPP
C:\mig\SRC\RTICKBOX\STDAFX.CPP
C:\mig\SRC\RTITLE\RTITLE.CPP
C:\mig\SRC\RTITLE\RTITLEC.CPP
C:\mig\SRC\RTITLE\RTITLEP.CPP
C:\mig\SRC\RTITLE\STDAFX.CPP
C:\mig\SRC\RTREE\RTREE.CPP
C:\mig\SRC\RTREE\RTREECTL.CPP
C:\mig\SRC\RTREE\RTREEPPG.CPP
C:\mig\SRC\RTREE\STDAFX.CPP
C:\mig\SRC\TEXT\TEXTINIT.CPP
C:\mig\SRC\TEXT\TEXTM.CPP
C:\mig\SRC\TEXT\TEXTREF.CPP
C:\mig\SRC\TEXT\_TEXT.CPP
